{
  "RSpec": {
    "coverage": {
      "/Users/meenakshi/Desktop/mdl/bootcamp/money/lib/value.rb": [
        1
      ],
      "/Users/meenakshi/Desktop/mdl/bootcamp/money/lib/value/money.rb": [
        null,
        1,
        null,
        1,
        22,
        null,
        null,
        1,
        21,
        null,
        null,
        1,
        1,
        null,
        null,
        1,
        4,
        null,
        null,
        1,
        1,
        null,
        null,
        1,
        4,
        null,
        null,
        1,
        2,
        null,
        null,
        null
      ]
    },
    "timestamp": 1422856326
  }
}
