{
  "RSpec": {
    "coverage": {
      "/Users/meenakshi/Desktop/mdl/bootcamp/money/lib/value.rb": [
        1
      ],
      "/Users/meenakshi/Desktop/mdl/bootcamp/money/lib/value/money.rb": [
        null,
        1,
        null,
        1,
        38,
        null,
        null,
        1,
        37,
        null,
        null,
        1,
        19,
        null,
        null,
        1,
        9,
        null,
        null,
        1,
        1,
        null,
        null,
        1,
        7,
        null,
        null,
        1,
        2,
        null,
        null,
        1,
        5,
        2,
        3,
        1,
        null,
        2,
        null,
        null,
        null,
        1,
        1,
        null,
        null,
        null
      ]
    },
    "timestamp": 1422861150
  }
}
