{
  "RSpec": {
    "coverage": {
      "/Users/meenakshi/Desktop/mdl/bootcamp/math/lib/math.rb": [
        1,
        1
      ],
      "/Users/meenakshi/Desktop/mdl/bootcamp/math/lib/math/calculator.rb": [
        1,
        null,
        1,
        1,
        null,
        null,
        1,
        1,
        null,
        null,
        1,
        1,
        null,
        null,
        1,
        1,
        null,
        null
      ],
      "/Users/meenakshi/Desktop/mdl/bootcamp/math/lib/math/parser.rb": [
        1,
        null
      ],
      "/Users/meenakshi/Desktop/mdl/bootcamp/math/spec/math/parser_spec.rb": [
        1,
        null,
        1,
        null,
        5,
        5,
        null,
        1,
        1,
        0,
        null,
        null,
        1,
        1,
        0,
        null,
        null,
        1,
        1,
        0,
        null,
        null,
        1,
        1,
        0,
        null,
        null,
        null
      ]
    },
    "timestamp": 1422941111
  }
}
