{
  "RSpec": {
    "coverage": {
      "/Users/meenakshi/Desktop/mdl/bootcamp/math/lib/math.rb": [
        1,
        1,
        1
      ],
      "/Users/meenakshi/Desktop/mdl/bootcamp/math/lib/math/calculator.rb": [
        null,
        1,
        null,
        1,
        11,
        null,
        null,
        1,
        2,
        null,
        null,
        1,
        2,
        null,
        null,
        1,
        2,
        null,
        null,
        1,
        2,
        null,
        null,
        1,
        2,
        null,
        null,
        1,
        0,
        null,
        null
      ],
      "/Users/meenakshi/Desktop/mdl/bootcamp/math/lib/math/parser.rb": [
        null,
        1,
        null,
        1,
        6,
        null,
        null,
        1,
        6,
        6,
        6,
        1,
        null,
        5,
        null,
        1,
        1,
        null,
        null,
        null,
        null
      ],
      "/Users/meenakshi/Desktop/mdl/bootcamp/math/lib/math/console_io.rb": [
        null,
        1,
        null,
        1,
        0,
        null,
        null,
        1,
        0,
        0,
        0,
        0,
        0,
        0,
        null,
        null,
        null
      ],
      "/Users/meenakshi/Desktop/mdl/bootcamp/math/spec/math/console_io_spec.rb": [
        1,
        null,
        1,
        null
      ],
      "/Users/meenakshi/Desktop/mdl/bootcamp/math/spec/math/parser_spec.rb": [
        1,
        null,
        1,
        null,
        7,
        7,
        null,
        1,
        1,
        null,
        null,
        1,
        1,
        null,
        null,
        1,
        1,
        null,
        null,
        1,
        1,
        null,
        null,
        1,
        1,
        null,
        null,
        1,
        1,
        null,
        null,
        null
      ]
    },
    "timestamp": 1422948931
  }
}
