{
  "RSpec": {
    "coverage": {
      "/Users/meenakshi/Desktop/mdl/bootcamp/rectangle_mm/lib/rectangle_mm.rb": [
        1,
        1
      ],
      "/Users/meenakshi/Desktop/mdl/bootcamp/rectangle_mm/lib/rectangle_mm/rectangle.rb": [
        null,
        1,
        null,
        1,
        3,
        3,
        null,
        null,
        1,
        3,
        null,
        null,
        null
      ],
      "/Users/meenakshi/Desktop/mdl/bootcamp/rectangle_mm/lib/rectangle_mm/conversion.rb": [
        null,
        1,
        null,
        1,
        24,
        null,
        null,
        1,
        26,
        null,
        null,
        1,
        4,
        null,
        null,
        1,
        2,
        null,
        null,
        1,
        10,
        null,
        null,
        1,
        2,
        null,
        null,
        null
      ],
      "/Users/meenakshi/Desktop/mdl/bootcamp/rectangle_mm/spec/rectangle_mm/rectangle_spec.rb": [
        1,
        null,
        1,
        null,
        4,
        4,
        4,
        null,
        1,
        1,
        null,
        null,
        1,
        1,
        null,
        null,
        1,
        1,
        null,
        null,
        null
      ]
    },
    "timestamp": 1422872864
  }
}
